<?xml version="1.0" encoding="UTF-8"?>
<!-- Generated by org.testng.reporters.JUnitXMLReporter -->
<testsuite ignored="1" hostname="DESKTOP-T13E720" failures="0" tests="1" name="Default test" time="20.277" errors="0" timestamp="2022-10-09T16:25:58 IST">
  <testcase classname="Ecommerce.EcommerceOder.MakeOrder" name="makeOrder" time="9.68"/>
  <testcase classname="Ecommerce.EcommerceOder.MakeOrder" name="checkOrder" time="0.0">
    <ignored/>
  </testcase> <!-- checkOrder -->
</testsuite> <!-- Default test -->
