<?xml version="1.0" encoding="UTF-8"?>
<!-- Generated by org.testng.reporters.JUnitXMLReporter -->
<testsuite ignored="0" hostname="LAPTOP-K52NR5RM" failures="0" tests="2" name="Default test" time="31.404" errors="0" timestamp="2025-06-12T16:47:57 IST">
  <testcase classname="io.cucumber.testng.AbstractTestNGCucumberTests" name="runScenario" time="16.084"/>
  <testcase classname="io.cucumber.testng.AbstractTestNGCucumberTests" name="runScenario" time="14.112"/>
</testsuite> <!-- Default test -->
