<?xml version="1.0" encoding="UTF-8"?>
<!-- Generated by org.testng.reporters.JUnitXMLReporter -->
<testsuite ignored="0" hostname="LAPTOP-K52NR5RM" failures="0" tests="3" name="Make a Order" time="56.694" errors="0" timestamp="2025-06-11T20:28:28 IST">
  <testcase classname="Ecommerce.EcommerceOder.MakeOrder" name="makeOrder" time="12.439"/>
  <testcase classname="Ecommerce.EcommerceOder.MakeOrder" name="makeOrder" time="13.858"/>
  <testcase classname="Ecommerce.EcommerceOder.MakeOrder" name="checkOrder" time="1.034"/>
</testsuite> <!-- Make a Order -->
