<?xml version="1.0" encoding="UTF-8"?>
<testng-results ignored="0" total="2" passed="2" failed="0" skipped="0">
  <reporter-output>
  </reporter-output>
  <suite started-at="2025-06-11T18:54:46 IST" name="Default suite" finished-at="2025-06-11T18:55:08 IST" duration-ms="22517">
    <groups>
    </groups>
    <test started-at="2025-06-11T18:54:46 IST" name="Default test" finished-at="2025-06-11T18:55:08 IST" duration-ms="22517">
      <class name="Ecommerce.EcommerceOder.MakeOrder">
        <test-method is-config="true" signature="lunchApp()[pri:0, instance:Ecommerce.EcommerceOder.MakeOrder@1de5f259]" started-at="2025-06-11T18:54:46 IST" name="lunchApp" finished-at="2025-06-11T18:54:51 IST" duration-ms="5244" status="PASS">
          <reporter-output>
          </reporter-output>
        </test-method> <!-- lunchApp -->
        <test-method signature="makeOrder(java.lang.String,java.lang.String,java.lang.String)[pri:0, instance:Ecommerce.EcommerceOder.MakeOrder@1de5f259]" started-at="2025-06-11T18:54:51 IST" name="makeOrder" data-provider="orderData" finished-at="2025-06-11T18:55:03 IST" duration-ms="12477" status="PASS">
          <params>
            <param index="0">
              <value>
                <![CDATA[sameer@gmail.com]]>
              </value>
            </param>
            <param index="1">
              <value>
                <![CDATA[Sameer@123]]>
              </value>
            </param>
            <param index="2">
              <value>
                <![CDATA[zara coat 3]]>
              </value>
            </param>
          </params>
          <reporter-output>
          </reporter-output>
        </test-method> <!-- makeOrder -->
        <test-method is-config="true" signature="tearDown()[pri:0, instance:Ecommerce.EcommerceOder.MakeOrder@1de5f259]" started-at="2025-06-11T18:55:03 IST" name="tearDown" finished-at="2025-06-11T18:55:04 IST" duration-ms="215" status="PASS">
          <reporter-output>
          </reporter-output>
        </test-method> <!-- tearDown -->
        <test-method is-config="true" signature="lunchApp()[pri:0, instance:Ecommerce.EcommerceOder.MakeOrder@1de5f259]" started-at="2025-06-11T18:55:04 IST" name="lunchApp" finished-at="2025-06-11T18:55:07 IST" duration-ms="3462" status="PASS">
          <reporter-output>
          </reporter-output>
        </test-method> <!-- lunchApp -->
        <test-method signature="checkOrder()[pri:0, instance:Ecommerce.EcommerceOder.MakeOrder@1de5f259]" started-at="2025-06-11T18:55:07 IST" name="checkOrder" finished-at="2025-06-11T18:55:08 IST" depends-on-methods="Ecommerce.EcommerceOder.MakeOrder.makeOrder" duration-ms="936" status="PASS">
          <reporter-output>
          </reporter-output>
        </test-method> <!-- checkOrder -->
        <test-method is-config="true" signature="tearDown()[pri:0, instance:Ecommerce.EcommerceOder.MakeOrder@1de5f259]" started-at="2025-06-11T18:55:08 IST" name="tearDown" finished-at="2025-06-11T18:55:08 IST" duration-ms="112" status="PASS">
          <reporter-output>
          </reporter-output>
        </test-method> <!-- tearDown -->
      </class> <!-- Ecommerce.EcommerceOder.MakeOrder -->
    </test> <!-- Default test -->
  </suite> <!-- Default suite -->
</testng-results>
